2024-11-22T15:22:19.684Z info: Admin admin@gmail.com đã truy cập dashboard
2024-11-23T13:54:35.078Z info: Admin admin@gmail.com đã truy cập dashboard
2024-11-23T13:56:22.474Z info: Admin admin@gmail.com đã truy cập dashboard
2024-11-23T13:57:14.228Z info: Admin admin@gmail.com đã truy cập dashboard
2024-11-23T14:39:04.134Z info: Admin admin@gmail.com đã truy cập dashboard
2024-11-23T14:43:03.009Z info: Admin admin@gmail.com đã truy cập dashboard
2024-11-23T14:43:05.169Z info: Admin admin@gmail.com đã truy cập dashboard
2024-11-23T14:57:24.221Z info: Admin admin@gmail.com đã truy cập dashboard
2024-11-23T15:06:37.786Z info: Admin admin@gmail.com đã truy cập dashboard
2024-11-23T15:06:37.788Z error: Error: No default engine was specified and no extension was provided.
    at new View (E:\OneDrive - VNU-HCMUS\4th year\phat trien ung dung web\Web App\main-app\node_modules\express\lib\view.js:61:11)
    at Function.render (E:\OneDrive - VNU-HCMUS\4th year\phat trien ung dung web\Web App\main-app\node_modules\express\lib\application.js:587:12)
    at ServerResponse.render (E:\OneDrive - VNU-HCMUS\4th year\phat trien ung dung web\Web App\main-app\node_modules\express\lib\response.js:1049:7)
    at res.render (E:\OneDrive - VNU-HCMUS\4th year\phat trien ung dung web\Web App\main-app\node_modules\express-ejs-layouts\lib\express-layouts.js:77:18)
    at exports.renderDashboard (E:\OneDrive - VNU-HCMUS\4th year\phat trien ung dung web\Web App\main-app\controllers\adminController.js:24:13)
    at process.processTicksAndRejections (node:internal/process/task_queues:105:5)
2024-11-23T15:19:54.273Z info: Admin admin@gmail.com đã truy cập dashboard
2024-11-23T15:22:09.243Z info: Admin admin@gmail.com đã truy cập dashboard
2024-11-23T15:40:47.963Z info: Admin admin@gmail.com đã truy cập dashboard
2024-11-24T05:30:40.078Z info: Admin jerryle.minh.3@gmail.com đã truy cập dashboard
2024-11-24T06:02:14.231Z info: Admin jerryle.minh.3@gmail.com đã truy cập dashboard
2024-11-24T06:02:36.965Z info: Admin jerryle.minh.3@gmail.com đã truy cập dashboard
2024-11-24T06:59:30.074Z info: Admin jerryle.minh.3@gmail.com đã truy cập dashboard
2024-11-24T07:15:50.511Z info: Admin jerryle.minh.3@gmail.com đã truy cập dashboard
2024-11-24T13:10:30.890Z info: Admin jerryle.minh.3@gmail.com đã truy cập dashboard
2024-11-24T13:12:31.223Z info: Admin jerryle.minh.3@gmail.com đã truy cập dashboard
2024-11-24T13:56:49.640Z info: Admin jerryle.minh.3@gmail.com đã truy cập dashboard
2024-11-24T13:59:25.395Z info: Admin jerryle.minh.3@gmail.com đã truy cập dashboard
2024-11-24T14:24:01.190Z info: Admin jerryle.minh.3@gmail.com đã truy cập dashboard
2024-11-24T15:48:04.614Z info: Admin jerryle.minh.3@gmail.com đã truy cập dashboard
2024-11-24T16:00:25.896Z info: Admin jerryle.minh.3@gmail.com đã truy cập dashboard
2024-11-25T11:15:51.020Z info: Admin jerryle.minh.3@gmail.com đã truy cập dashboard
2024-11-25T11:25:58.864Z info: Admin jerryle.minh.3@gmail.com đã truy cập dashboard
2024-11-25T11:49:35.009Z info: Admin jerryle.minh.3@gmail.com đã truy cập dashboard
2024-11-25T11:50:25.821Z info: Admin jerryle.minh.3@gmail.com đã truy cập dashboard
2024-11-25T11:50:32.583Z info: Admin jerryle.minh.3@gmail.com đã truy cập dashboard
2024-12-20T13:45:38.813Z info: Admin nguyentuanminh435@gmail.com đã truy cập dashboard
2024-12-25T11:13:43.142Z error: TypeError: User.countDocuments is not a function
    at exports.renderDashboard (E:\LearningMaterial\KHTN\Năm 3\HK1\LapTrinhWebApp\Project\WEB-APP\main-app\controllers\adminController.js:15:38)
    at Layer.handle [as handle_request] (E:\LearningMaterial\KHTN\Năm 3\HK1\LapTrinhWebApp\Project\WEB-APP\main-app\node_modules\express\lib\router\layer.js:95:5)
    at next (E:\LearningMaterial\KHTN\Năm 3\HK1\LapTrinhWebApp\Project\WEB-APP\main-app\node_modules\express\lib\router\route.js:149:13)
    at ensureAdmin (E:\LearningMaterial\KHTN\Năm 3\HK1\LapTrinhWebApp\Project\WEB-APP\main-app\middleware\adminMiddleware.js:6:20)
    at Layer.handle [as handle_request] (E:\LearningMaterial\KHTN\Năm 3\HK1\LapTrinhWebApp\Project\WEB-APP\main-app\node_modules\express\lib\router\layer.js:95:5)
    at next (E:\LearningMaterial\KHTN\Năm 3\HK1\LapTrinhWebApp\Project\WEB-APP\main-app\node_modules\express\lib\router\route.js:149:13)
    at Route.dispatch (E:\LearningMaterial\KHTN\Năm 3\HK1\LapTrinhWebApp\Project\WEB-APP\main-app\node_modules\express\lib\router\route.js:119:3)
    at Layer.handle [as handle_request] (E:\LearningMaterial\KHTN\Năm 3\HK1\LapTrinhWebApp\Project\WEB-APP\main-app\node_modules\express\lib\router\layer.js:95:5)
    at E:\LearningMaterial\KHTN\Năm 3\HK1\LapTrinhWebApp\Project\WEB-APP\main-app\node_modules\express\lib\router\index.js:284:15
    at Function.process_params (E:\LearningMaterial\KHTN\Năm 3\HK1\LapTrinhWebApp\Project\WEB-APP\main-app\node_modules\express\lib\router\index.js:346:12)
2024-12-25T11:18:43.176Z error: TypeError: User.countDocuments is not a function
    at exports.renderDashboard (E:\LearningMaterial\KHTN\Năm 3\HK1\LapTrinhWebApp\Project\WEB-APP\main-app\controllers\adminController.js:15:38)
    at Layer.handle [as handle_request] (E:\LearningMaterial\KHTN\Năm 3\HK1\LapTrinhWebApp\Project\WEB-APP\main-app\node_modules\express\lib\router\layer.js:95:5)
    at next (E:\LearningMaterial\KHTN\Năm 3\HK1\LapTrinhWebApp\Project\WEB-APP\main-app\node_modules\express\lib\router\route.js:149:13)
    at ensureAdmin (E:\LearningMaterial\KHTN\Năm 3\HK1\LapTrinhWebApp\Project\WEB-APP\main-app\middleware\adminMiddleware.js:6:20)
    at Layer.handle [as handle_request] (E:\LearningMaterial\KHTN\Năm 3\HK1\LapTrinhWebApp\Project\WEB-APP\main-app\node_modules\express\lib\router\layer.js:95:5)
    at next (E:\LearningMaterial\KHTN\Năm 3\HK1\LapTrinhWebApp\Project\WEB-APP\main-app\node_modules\express\lib\router\route.js:149:13)
    at Route.dispatch (E:\LearningMaterial\KHTN\Năm 3\HK1\LapTrinhWebApp\Project\WEB-APP\main-app\node_modules\express\lib\router\route.js:119:3)
    at Layer.handle [as handle_request] (E:\LearningMaterial\KHTN\Năm 3\HK1\LapTrinhWebApp\Project\WEB-APP\main-app\node_modules\express\lib\router\layer.js:95:5)
    at E:\LearningMaterial\KHTN\Năm 3\HK1\LapTrinhWebApp\Project\WEB-APP\main-app\node_modules\express\lib\router\index.js:284:15
    at Function.process_params (E:\LearningMaterial\KHTN\Năm 3\HK1\LapTrinhWebApp\Project\WEB-APP\main-app\node_modules\express\lib\router\index.js:346:12)
2024-12-25T11:21:46.739Z error: TypeError: User.countDocuments is not a function
    at exports.renderDashboard (E:\LearningMaterial\KHTN\Năm 3\HK1\LapTrinhWebApp\Project\WEB-APP\main-app\controllers\adminController.js:15:38)
    at Layer.handle [as handle_request] (E:\LearningMaterial\KHTN\Năm 3\HK1\LapTrinhWebApp\Project\WEB-APP\main-app\node_modules\express\lib\router\layer.js:95:5)
    at next (E:\LearningMaterial\KHTN\Năm 3\HK1\LapTrinhWebApp\Project\WEB-APP\main-app\node_modules\express\lib\router\route.js:149:13)
    at ensureAdmin (E:\LearningMaterial\KHTN\Năm 3\HK1\LapTrinhWebApp\Project\WEB-APP\main-app\middleware\adminMiddleware.js:6:20)
    at Layer.handle [as handle_request] (E:\LearningMaterial\KHTN\Năm 3\HK1\LapTrinhWebApp\Project\WEB-APP\main-app\node_modules\express\lib\router\layer.js:95:5)
    at next (E:\LearningMaterial\KHTN\Năm 3\HK1\LapTrinhWebApp\Project\WEB-APP\main-app\node_modules\express\lib\router\route.js:149:13)
    at Route.dispatch (E:\LearningMaterial\KHTN\Năm 3\HK1\LapTrinhWebApp\Project\WEB-APP\main-app\node_modules\express\lib\router\route.js:119:3)
    at Layer.handle [as handle_request] (E:\LearningMaterial\KHTN\Năm 3\HK1\LapTrinhWebApp\Project\WEB-APP\main-app\node_modules\express\lib\router\layer.js:95:5)
    at E:\LearningMaterial\KHTN\Năm 3\HK1\LapTrinhWebApp\Project\WEB-APP\main-app\node_modules\express\lib\router\index.js:284:15
    at Function.process_params (E:\LearningMaterial\KHTN\Năm 3\HK1\LapTrinhWebApp\Project\WEB-APP\main-app\node_modules\express\lib\router\index.js:346:12)
2024-12-29T08:19:31.625Z error: TypeError: User.countDocuments is not a function
    at exports.renderDashboard (E:\LearningMaterial\KHTN\Năm 3\HK1\LapTrinhWebApp\Project\WEB-APP\main-app\controllers\adminController.js:15:38)
    at Layer.handle [as handle_request] (E:\LearningMaterial\KHTN\Năm 3\HK1\LapTrinhWebApp\Project\WEB-APP\main-app\node_modules\express\lib\router\layer.js:95:5)
    at next (E:\LearningMaterial\KHTN\Năm 3\HK1\LapTrinhWebApp\Project\WEB-APP\main-app\node_modules\express\lib\router\route.js:149:13)
    at ensureAdmin (E:\LearningMaterial\KHTN\Năm 3\HK1\LapTrinhWebApp\Project\WEB-APP\main-app\middleware\adminMiddleware.js:6:20)
    at Layer.handle [as handle_request] (E:\LearningMaterial\KHTN\Năm 3\HK1\LapTrinhWebApp\Project\WEB-APP\main-app\node_modules\express\lib\router\layer.js:95:5)
    at next (E:\LearningMaterial\KHTN\Năm 3\HK1\LapTrinhWebApp\Project\WEB-APP\main-app\node_modules\express\lib\router\route.js:149:13)
    at Route.dispatch (E:\LearningMaterial\KHTN\Năm 3\HK1\LapTrinhWebApp\Project\WEB-APP\main-app\node_modules\express\lib\router\route.js:119:3)
    at Layer.handle [as handle_request] (E:\LearningMaterial\KHTN\Năm 3\HK1\LapTrinhWebApp\Project\WEB-APP\main-app\node_modules\express\lib\router\layer.js:95:5)
    at E:\LearningMaterial\KHTN\Năm 3\HK1\LapTrinhWebApp\Project\WEB-APP\main-app\node_modules\express\lib\router\index.js:284:15
    at Function.process_params (E:\LearningMaterial\KHTN\Năm 3\HK1\LapTrinhWebApp\Project\WEB-APP\main-app\node_modules\express\lib\router\index.js:346:12)
2024-12-29T08:20:21.677Z error: TypeError: User.countDocuments is not a function
    at exports.renderDashboard (E:\LearningMaterial\KHTN\Năm 3\HK1\LapTrinhWebApp\Project\WEB-APP\main-app\controllers\adminController.js:15:38)
    at Layer.handle [as handle_request] (E:\LearningMaterial\KHTN\Năm 3\HK1\LapTrinhWebApp\Project\WEB-APP\main-app\node_modules\express\lib\router\layer.js:95:5)
    at next (E:\LearningMaterial\KHTN\Năm 3\HK1\LapTrinhWebApp\Project\WEB-APP\main-app\node_modules\express\lib\router\route.js:149:13)
    at ensureAdmin (E:\LearningMaterial\KHTN\Năm 3\HK1\LapTrinhWebApp\Project\WEB-APP\main-app\middleware\adminMiddleware.js:6:20)
    at Layer.handle [as handle_request] (E:\LearningMaterial\KHTN\Năm 3\HK1\LapTrinhWebApp\Project\WEB-APP\main-app\node_modules\express\lib\router\layer.js:95:5)
    at next (E:\LearningMaterial\KHTN\Năm 3\HK1\LapTrinhWebApp\Project\WEB-APP\main-app\node_modules\express\lib\router\route.js:149:13)
    at Route.dispatch (E:\LearningMaterial\KHTN\Năm 3\HK1\LapTrinhWebApp\Project\WEB-APP\main-app\node_modules\express\lib\router\route.js:119:3)
    at Layer.handle [as handle_request] (E:\LearningMaterial\KHTN\Năm 3\HK1\LapTrinhWebApp\Project\WEB-APP\main-app\node_modules\express\lib\router\layer.js:95:5)
    at E:\LearningMaterial\KHTN\Năm 3\HK1\LapTrinhWebApp\Project\WEB-APP\main-app\node_modules\express\lib\router\index.js:284:15
    at Function.process_params (E:\LearningMaterial\KHTN\Năm 3\HK1\LapTrinhWebApp\Project\WEB-APP\main-app\node_modules\express\lib\router\index.js:346:12)
2024-12-29T08:23:20.539Z error: TypeError: User.countDocuments is not a function
    at exports.renderDashboard (E:\LearningMaterial\KHTN\Năm 3\HK1\LapTrinhWebApp\Project\WEB-APP\main-app\controllers\adminController.js:15:38)
    at Layer.handle [as handle_request] (E:\LearningMaterial\KHTN\Năm 3\HK1\LapTrinhWebApp\Project\WEB-APP\main-app\node_modules\express\lib\router\layer.js:95:5)
    at next (E:\LearningMaterial\KHTN\Năm 3\HK1\LapTrinhWebApp\Project\WEB-APP\main-app\node_modules\express\lib\router\route.js:149:13)
    at ensureAdmin (E:\LearningMaterial\KHTN\Năm 3\HK1\LapTrinhWebApp\Project\WEB-APP\main-app\middleware\adminMiddleware.js:6:20)
    at Layer.handle [as handle_request] (E:\LearningMaterial\KHTN\Năm 3\HK1\LapTrinhWebApp\Project\WEB-APP\main-app\node_modules\express\lib\router\layer.js:95:5)
    at next (E:\LearningMaterial\KHTN\Năm 3\HK1\LapTrinhWebApp\Project\WEB-APP\main-app\node_modules\express\lib\router\route.js:149:13)
    at Route.dispatch (E:\LearningMaterial\KHTN\Năm 3\HK1\LapTrinhWebApp\Project\WEB-APP\main-app\node_modules\express\lib\router\route.js:119:3)
    at Layer.handle [as handle_request] (E:\LearningMaterial\KHTN\Năm 3\HK1\LapTrinhWebApp\Project\WEB-APP\main-app\node_modules\express\lib\router\layer.js:95:5)
    at E:\LearningMaterial\KHTN\Năm 3\HK1\LapTrinhWebApp\Project\WEB-APP\main-app\node_modules\express\lib\router\index.js:284:15
    at Function.process_params (E:\LearningMaterial\KHTN\Năm 3\HK1\LapTrinhWebApp\Project\WEB-APP\main-app\node_modules\express\lib\router\index.js:346:12)
2024-12-29T08:23:27.762Z error: TypeError: User.countDocuments is not a function
    at exports.renderDashboard (E:\LearningMaterial\KHTN\Năm 3\HK1\LapTrinhWebApp\Project\WEB-APP\main-app\controllers\adminController.js:15:38)
    at Layer.handle [as handle_request] (E:\LearningMaterial\KHTN\Năm 3\HK1\LapTrinhWebApp\Project\WEB-APP\main-app\node_modules\express\lib\router\layer.js:95:5)
    at next (E:\LearningMaterial\KHTN\Năm 3\HK1\LapTrinhWebApp\Project\WEB-APP\main-app\node_modules\express\lib\router\route.js:149:13)
    at ensureAdmin (E:\LearningMaterial\KHTN\Năm 3\HK1\LapTrinhWebApp\Project\WEB-APP\main-app\middleware\adminMiddleware.js:6:20)
    at Layer.handle [as handle_request] (E:\LearningMaterial\KHTN\Năm 3\HK1\LapTrinhWebApp\Project\WEB-APP\main-app\node_modules\express\lib\router\layer.js:95:5)
    at next (E:\LearningMaterial\KHTN\Năm 3\HK1\LapTrinhWebApp\Project\WEB-APP\main-app\node_modules\express\lib\router\route.js:149:13)
    at Route.dispatch (E:\LearningMaterial\KHTN\Năm 3\HK1\LapTrinhWebApp\Project\WEB-APP\main-app\node_modules\express\lib\router\route.js:119:3)
    at Layer.handle [as handle_request] (E:\LearningMaterial\KHTN\Năm 3\HK1\LapTrinhWebApp\Project\WEB-APP\main-app\node_modules\express\lib\router\layer.js:95:5)
    at E:\LearningMaterial\KHTN\Năm 3\HK1\LapTrinhWebApp\Project\WEB-APP\main-app\node_modules\express\lib\router\index.js:284:15
    at Function.process_params (E:\LearningMaterial\KHTN\Năm 3\HK1\LapTrinhWebApp\Project\WEB-APP\main-app\node_modules\express\lib\router\index.js:346:12)
2024-12-29T08:24:23.681Z error: TypeError: User.countDocuments is not a function
    at exports.renderDashboard (E:\LearningMaterial\KHTN\Năm 3\HK1\LapTrinhWebApp\Project\WEB-APP\main-app\controllers\adminController.js:16:38)
    at Layer.handle [as handle_request] (E:\LearningMaterial\KHTN\Năm 3\HK1\LapTrinhWebApp\Project\WEB-APP\main-app\node_modules\express\lib\router\layer.js:95:5)
    at next (E:\LearningMaterial\KHTN\Năm 3\HK1\LapTrinhWebApp\Project\WEB-APP\main-app\node_modules\express\lib\router\route.js:149:13)
    at ensureAdmin (E:\LearningMaterial\KHTN\Năm 3\HK1\LapTrinhWebApp\Project\WEB-APP\main-app\middleware\adminMiddleware.js:6:20)
    at Layer.handle [as handle_request] (E:\LearningMaterial\KHTN\Năm 3\HK1\LapTrinhWebApp\Project\WEB-APP\main-app\node_modules\express\lib\router\layer.js:95:5)
    at next (E:\LearningMaterial\KHTN\Năm 3\HK1\LapTrinhWebApp\Project\WEB-APP\main-app\node_modules\express\lib\router\route.js:149:13)
    at Route.dispatch (E:\LearningMaterial\KHTN\Năm 3\HK1\LapTrinhWebApp\Project\WEB-APP\main-app\node_modules\express\lib\router\route.js:119:3)
    at Layer.handle [as handle_request] (E:\LearningMaterial\KHTN\Năm 3\HK1\LapTrinhWebApp\Project\WEB-APP\main-app\node_modules\express\lib\router\layer.js:95:5)
    at E:\LearningMaterial\KHTN\Năm 3\HK1\LapTrinhWebApp\Project\WEB-APP\main-app\node_modules\express\lib\router\index.js:284:15
    at Function.process_params (E:\LearningMaterial\KHTN\Năm 3\HK1\LapTrinhWebApp\Project\WEB-APP\main-app\node_modules\express\lib\router\index.js:346:12)
2024-12-29T08:25:00.774Z info: Admin ntminh22@clc.fitus.edu.vn đã truy cập dashboard
2024-12-29T08:26:12.094Z info: Admin ntminh22@clc.fitus.edu.vn đã truy cập dashboard
2024-12-29T10:43:23.338Z info: Admin ntminh22@clc.fitus.edu.vn đã truy cập dashboard
2024-12-29T14:32:45.837Z info: Admin ntminh22@clc.fitus.edu.vn đã truy cập dashboard
2024-12-29T21:06:26.856Z info: Admin ntminh22@clc.fitus.edu.vn đã truy cập dashboard
2024-12-29T21:14:22.582Z info: Admin ntminh22@clc.fitus.edu.vn đã truy cập dashboard
2024-12-29T23:05:15.185Z info: Admin ntminh22@clc.fitus.edu.vn đã truy cập dashboard
2024-12-30T01:11:53.033Z info: Admin ntminh22@clc.fitus.edu.vn đã truy cập dashboard
2024-12-30T01:27:11.794Z info: Admin ntminh22@clc.fitus.edu.vn đã truy cập dashboard
2024-12-30T01:27:21.107Z info: Admin ntminh22@clc.fitus.edu.vn đã truy cập dashboard
2024-12-30T01:56:50.388Z info: Admin ntminh22@clc.fitus.edu.vn đã truy cập dashboard
