2024-11-23T15:06:37.788Z error: Error: No default engine was specified and no extension was provided.
    at new View (E:\OneDrive - VNU-HCMUS\4th year\phat trien ung dung web\Web App\main-app\node_modules\express\lib\view.js:61:11)
    at Function.render (E:\OneDrive - VNU-HCMUS\4th year\phat trien ung dung web\Web App\main-app\node_modules\express\lib\application.js:587:12)
    at ServerResponse.render (E:\OneDrive - VNU-HCMUS\4th year\phat trien ung dung web\Web App\main-app\node_modules\express\lib\response.js:1049:7)
    at res.render (E:\OneDrive - VNU-HCMUS\4th year\phat trien ung dung web\Web App\main-app\node_modules\express-ejs-layouts\lib\express-layouts.js:77:18)
    at exports.renderDashboard (E:\OneDrive - VNU-HCMUS\4th year\phat trien ung dung web\Web App\main-app\controllers\adminController.js:24:13)
    at process.processTicksAndRejections (node:internal/process/task_queues:105:5)
2024-12-25T11:13:43.142Z error: TypeError: User.countDocuments is not a function
    at exports.renderDashboard (E:\LearningMaterial\KHTN\Năm 3\HK1\LapTrinhWebApp\Project\WEB-APP\main-app\controllers\adminController.js:15:38)
    at Layer.handle [as handle_request] (E:\LearningMaterial\KHTN\Năm 3\HK1\LapTrinhWebApp\Project\WEB-APP\main-app\node_modules\express\lib\router\layer.js:95:5)
    at next (E:\LearningMaterial\KHTN\Năm 3\HK1\LapTrinhWebApp\Project\WEB-APP\main-app\node_modules\express\lib\router\route.js:149:13)
    at ensureAdmin (E:\LearningMaterial\KHTN\Năm 3\HK1\LapTrinhWebApp\Project\WEB-APP\main-app\middleware\adminMiddleware.js:6:20)
    at Layer.handle [as handle_request] (E:\LearningMaterial\KHTN\Năm 3\HK1\LapTrinhWebApp\Project\WEB-APP\main-app\node_modules\express\lib\router\layer.js:95:5)
    at next (E:\LearningMaterial\KHTN\Năm 3\HK1\LapTrinhWebApp\Project\WEB-APP\main-app\node_modules\express\lib\router\route.js:149:13)
    at Route.dispatch (E:\LearningMaterial\KHTN\Năm 3\HK1\LapTrinhWebApp\Project\WEB-APP\main-app\node_modules\express\lib\router\route.js:119:3)
    at Layer.handle [as handle_request] (E:\LearningMaterial\KHTN\Năm 3\HK1\LapTrinhWebApp\Project\WEB-APP\main-app\node_modules\express\lib\router\layer.js:95:5)
    at E:\LearningMaterial\KHTN\Năm 3\HK1\LapTrinhWebApp\Project\WEB-APP\main-app\node_modules\express\lib\router\index.js:284:15
    at Function.process_params (E:\LearningMaterial\KHTN\Năm 3\HK1\LapTrinhWebApp\Project\WEB-APP\main-app\node_modules\express\lib\router\index.js:346:12)
2024-12-25T11:18:43.176Z error: TypeError: User.countDocuments is not a function
    at exports.renderDashboard (E:\LearningMaterial\KHTN\Năm 3\HK1\LapTrinhWebApp\Project\WEB-APP\main-app\controllers\adminController.js:15:38)
    at Layer.handle [as handle_request] (E:\LearningMaterial\KHTN\Năm 3\HK1\LapTrinhWebApp\Project\WEB-APP\main-app\node_modules\express\lib\router\layer.js:95:5)
    at next (E:\LearningMaterial\KHTN\Năm 3\HK1\LapTrinhWebApp\Project\WEB-APP\main-app\node_modules\express\lib\router\route.js:149:13)
    at ensureAdmin (E:\LearningMaterial\KHTN\Năm 3\HK1\LapTrinhWebApp\Project\WEB-APP\main-app\middleware\adminMiddleware.js:6:20)
    at Layer.handle [as handle_request] (E:\LearningMaterial\KHTN\Năm 3\HK1\LapTrinhWebApp\Project\WEB-APP\main-app\node_modules\express\lib\router\layer.js:95:5)
    at next (E:\LearningMaterial\KHTN\Năm 3\HK1\LapTrinhWebApp\Project\WEB-APP\main-app\node_modules\express\lib\router\route.js:149:13)
    at Route.dispatch (E:\LearningMaterial\KHTN\Năm 3\HK1\LapTrinhWebApp\Project\WEB-APP\main-app\node_modules\express\lib\router\route.js:119:3)
    at Layer.handle [as handle_request] (E:\LearningMaterial\KHTN\Năm 3\HK1\LapTrinhWebApp\Project\WEB-APP\main-app\node_modules\express\lib\router\layer.js:95:5)
    at E:\LearningMaterial\KHTN\Năm 3\HK1\LapTrinhWebApp\Project\WEB-APP\main-app\node_modules\express\lib\router\index.js:284:15
    at Function.process_params (E:\LearningMaterial\KHTN\Năm 3\HK1\LapTrinhWebApp\Project\WEB-APP\main-app\node_modules\express\lib\router\index.js:346:12)
2024-12-25T11:21:46.739Z error: TypeError: User.countDocuments is not a function
    at exports.renderDashboard (E:\LearningMaterial\KHTN\Năm 3\HK1\LapTrinhWebApp\Project\WEB-APP\main-app\controllers\adminController.js:15:38)
    at Layer.handle [as handle_request] (E:\LearningMaterial\KHTN\Năm 3\HK1\LapTrinhWebApp\Project\WEB-APP\main-app\node_modules\express\lib\router\layer.js:95:5)
    at next (E:\LearningMaterial\KHTN\Năm 3\HK1\LapTrinhWebApp\Project\WEB-APP\main-app\node_modules\express\lib\router\route.js:149:13)
    at ensureAdmin (E:\LearningMaterial\KHTN\Năm 3\HK1\LapTrinhWebApp\Project\WEB-APP\main-app\middleware\adminMiddleware.js:6:20)
    at Layer.handle [as handle_request] (E:\LearningMaterial\KHTN\Năm 3\HK1\LapTrinhWebApp\Project\WEB-APP\main-app\node_modules\express\lib\router\layer.js:95:5)
    at next (E:\LearningMaterial\KHTN\Năm 3\HK1\LapTrinhWebApp\Project\WEB-APP\main-app\node_modules\express\lib\router\route.js:149:13)
    at Route.dispatch (E:\LearningMaterial\KHTN\Năm 3\HK1\LapTrinhWebApp\Project\WEB-APP\main-app\node_modules\express\lib\router\route.js:119:3)
    at Layer.handle [as handle_request] (E:\LearningMaterial\KHTN\Năm 3\HK1\LapTrinhWebApp\Project\WEB-APP\main-app\node_modules\express\lib\router\layer.js:95:5)
    at E:\LearningMaterial\KHTN\Năm 3\HK1\LapTrinhWebApp\Project\WEB-APP\main-app\node_modules\express\lib\router\index.js:284:15
    at Function.process_params (E:\LearningMaterial\KHTN\Năm 3\HK1\LapTrinhWebApp\Project\WEB-APP\main-app\node_modules\express\lib\router\index.js:346:12)
2024-12-29T08:19:31.625Z error: TypeError: User.countDocuments is not a function
    at exports.renderDashboard (E:\LearningMaterial\KHTN\Năm 3\HK1\LapTrinhWebApp\Project\WEB-APP\main-app\controllers\adminController.js:15:38)
    at Layer.handle [as handle_request] (E:\LearningMaterial\KHTN\Năm 3\HK1\LapTrinhWebApp\Project\WEB-APP\main-app\node_modules\express\lib\router\layer.js:95:5)
    at next (E:\LearningMaterial\KHTN\Năm 3\HK1\LapTrinhWebApp\Project\WEB-APP\main-app\node_modules\express\lib\router\route.js:149:13)
    at ensureAdmin (E:\LearningMaterial\KHTN\Năm 3\HK1\LapTrinhWebApp\Project\WEB-APP\main-app\middleware\adminMiddleware.js:6:20)
    at Layer.handle [as handle_request] (E:\LearningMaterial\KHTN\Năm 3\HK1\LapTrinhWebApp\Project\WEB-APP\main-app\node_modules\express\lib\router\layer.js:95:5)
    at next (E:\LearningMaterial\KHTN\Năm 3\HK1\LapTrinhWebApp\Project\WEB-APP\main-app\node_modules\express\lib\router\route.js:149:13)
    at Route.dispatch (E:\LearningMaterial\KHTN\Năm 3\HK1\LapTrinhWebApp\Project\WEB-APP\main-app\node_modules\express\lib\router\route.js:119:3)
    at Layer.handle [as handle_request] (E:\LearningMaterial\KHTN\Năm 3\HK1\LapTrinhWebApp\Project\WEB-APP\main-app\node_modules\express\lib\router\layer.js:95:5)
    at E:\LearningMaterial\KHTN\Năm 3\HK1\LapTrinhWebApp\Project\WEB-APP\main-app\node_modules\express\lib\router\index.js:284:15
    at Function.process_params (E:\LearningMaterial\KHTN\Năm 3\HK1\LapTrinhWebApp\Project\WEB-APP\main-app\node_modules\express\lib\router\index.js:346:12)
2024-12-29T08:20:21.677Z error: TypeError: User.countDocuments is not a function
    at exports.renderDashboard (E:\LearningMaterial\KHTN\Năm 3\HK1\LapTrinhWebApp\Project\WEB-APP\main-app\controllers\adminController.js:15:38)
    at Layer.handle [as handle_request] (E:\LearningMaterial\KHTN\Năm 3\HK1\LapTrinhWebApp\Project\WEB-APP\main-app\node_modules\express\lib\router\layer.js:95:5)
    at next (E:\LearningMaterial\KHTN\Năm 3\HK1\LapTrinhWebApp\Project\WEB-APP\main-app\node_modules\express\lib\router\route.js:149:13)
    at ensureAdmin (E:\LearningMaterial\KHTN\Năm 3\HK1\LapTrinhWebApp\Project\WEB-APP\main-app\middleware\adminMiddleware.js:6:20)
    at Layer.handle [as handle_request] (E:\LearningMaterial\KHTN\Năm 3\HK1\LapTrinhWebApp\Project\WEB-APP\main-app\node_modules\express\lib\router\layer.js:95:5)
    at next (E:\LearningMaterial\KHTN\Năm 3\HK1\LapTrinhWebApp\Project\WEB-APP\main-app\node_modules\express\lib\router\route.js:149:13)
    at Route.dispatch (E:\LearningMaterial\KHTN\Năm 3\HK1\LapTrinhWebApp\Project\WEB-APP\main-app\node_modules\express\lib\router\route.js:119:3)
    at Layer.handle [as handle_request] (E:\LearningMaterial\KHTN\Năm 3\HK1\LapTrinhWebApp\Project\WEB-APP\main-app\node_modules\express\lib\router\layer.js:95:5)
    at E:\LearningMaterial\KHTN\Năm 3\HK1\LapTrinhWebApp\Project\WEB-APP\main-app\node_modules\express\lib\router\index.js:284:15
    at Function.process_params (E:\LearningMaterial\KHTN\Năm 3\HK1\LapTrinhWebApp\Project\WEB-APP\main-app\node_modules\express\lib\router\index.js:346:12)
2024-12-29T08:23:20.539Z error: TypeError: User.countDocuments is not a function
    at exports.renderDashboard (E:\LearningMaterial\KHTN\Năm 3\HK1\LapTrinhWebApp\Project\WEB-APP\main-app\controllers\adminController.js:15:38)
    at Layer.handle [as handle_request] (E:\LearningMaterial\KHTN\Năm 3\HK1\LapTrinhWebApp\Project\WEB-APP\main-app\node_modules\express\lib\router\layer.js:95:5)
    at next (E:\LearningMaterial\KHTN\Năm 3\HK1\LapTrinhWebApp\Project\WEB-APP\main-app\node_modules\express\lib\router\route.js:149:13)
    at ensureAdmin (E:\LearningMaterial\KHTN\Năm 3\HK1\LapTrinhWebApp\Project\WEB-APP\main-app\middleware\adminMiddleware.js:6:20)
    at Layer.handle [as handle_request] (E:\LearningMaterial\KHTN\Năm 3\HK1\LapTrinhWebApp\Project\WEB-APP\main-app\node_modules\express\lib\router\layer.js:95:5)
    at next (E:\LearningMaterial\KHTN\Năm 3\HK1\LapTrinhWebApp\Project\WEB-APP\main-app\node_modules\express\lib\router\route.js:149:13)
    at Route.dispatch (E:\LearningMaterial\KHTN\Năm 3\HK1\LapTrinhWebApp\Project\WEB-APP\main-app\node_modules\express\lib\router\route.js:119:3)
    at Layer.handle [as handle_request] (E:\LearningMaterial\KHTN\Năm 3\HK1\LapTrinhWebApp\Project\WEB-APP\main-app\node_modules\express\lib\router\layer.js:95:5)
    at E:\LearningMaterial\KHTN\Năm 3\HK1\LapTrinhWebApp\Project\WEB-APP\main-app\node_modules\express\lib\router\index.js:284:15
    at Function.process_params (E:\LearningMaterial\KHTN\Năm 3\HK1\LapTrinhWebApp\Project\WEB-APP\main-app\node_modules\express\lib\router\index.js:346:12)
2024-12-29T08:23:27.762Z error: TypeError: User.countDocuments is not a function
    at exports.renderDashboard (E:\LearningMaterial\KHTN\Năm 3\HK1\LapTrinhWebApp\Project\WEB-APP\main-app\controllers\adminController.js:15:38)
    at Layer.handle [as handle_request] (E:\LearningMaterial\KHTN\Năm 3\HK1\LapTrinhWebApp\Project\WEB-APP\main-app\node_modules\express\lib\router\layer.js:95:5)
    at next (E:\LearningMaterial\KHTN\Năm 3\HK1\LapTrinhWebApp\Project\WEB-APP\main-app\node_modules\express\lib\router\route.js:149:13)
    at ensureAdmin (E:\LearningMaterial\KHTN\Năm 3\HK1\LapTrinhWebApp\Project\WEB-APP\main-app\middleware\adminMiddleware.js:6:20)
    at Layer.handle [as handle_request] (E:\LearningMaterial\KHTN\Năm 3\HK1\LapTrinhWebApp\Project\WEB-APP\main-app\node_modules\express\lib\router\layer.js:95:5)
    at next (E:\LearningMaterial\KHTN\Năm 3\HK1\LapTrinhWebApp\Project\WEB-APP\main-app\node_modules\express\lib\router\route.js:149:13)
    at Route.dispatch (E:\LearningMaterial\KHTN\Năm 3\HK1\LapTrinhWebApp\Project\WEB-APP\main-app\node_modules\express\lib\router\route.js:119:3)
    at Layer.handle [as handle_request] (E:\LearningMaterial\KHTN\Năm 3\HK1\LapTrinhWebApp\Project\WEB-APP\main-app\node_modules\express\lib\router\layer.js:95:5)
    at E:\LearningMaterial\KHTN\Năm 3\HK1\LapTrinhWebApp\Project\WEB-APP\main-app\node_modules\express\lib\router\index.js:284:15
    at Function.process_params (E:\LearningMaterial\KHTN\Năm 3\HK1\LapTrinhWebApp\Project\WEB-APP\main-app\node_modules\express\lib\router\index.js:346:12)
2024-12-29T08:24:23.681Z error: TypeError: User.countDocuments is not a function
    at exports.renderDashboard (E:\LearningMaterial\KHTN\Năm 3\HK1\LapTrinhWebApp\Project\WEB-APP\main-app\controllers\adminController.js:16:38)
    at Layer.handle [as handle_request] (E:\LearningMaterial\KHTN\Năm 3\HK1\LapTrinhWebApp\Project\WEB-APP\main-app\node_modules\express\lib\router\layer.js:95:5)
    at next (E:\LearningMaterial\KHTN\Năm 3\HK1\LapTrinhWebApp\Project\WEB-APP\main-app\node_modules\express\lib\router\route.js:149:13)
    at ensureAdmin (E:\LearningMaterial\KHTN\Năm 3\HK1\LapTrinhWebApp\Project\WEB-APP\main-app\middleware\adminMiddleware.js:6:20)
    at Layer.handle [as handle_request] (E:\LearningMaterial\KHTN\Năm 3\HK1\LapTrinhWebApp\Project\WEB-APP\main-app\node_modules\express\lib\router\layer.js:95:5)
    at next (E:\LearningMaterial\KHTN\Năm 3\HK1\LapTrinhWebApp\Project\WEB-APP\main-app\node_modules\express\lib\router\route.js:149:13)
    at Route.dispatch (E:\LearningMaterial\KHTN\Năm 3\HK1\LapTrinhWebApp\Project\WEB-APP\main-app\node_modules\express\lib\router\route.js:119:3)
    at Layer.handle [as handle_request] (E:\LearningMaterial\KHTN\Năm 3\HK1\LapTrinhWebApp\Project\WEB-APP\main-app\node_modules\express\lib\router\layer.js:95:5)
    at E:\LearningMaterial\KHTN\Năm 3\HK1\LapTrinhWebApp\Project\WEB-APP\main-app\node_modules\express\lib\router\index.js:284:15
    at Function.process_params (E:\LearningMaterial\KHTN\Năm 3\HK1\LapTrinhWebApp\Project\WEB-APP\main-app\node_modules\express\lib\router\index.js:346:12)
